app/build/outputs/mapping/release/seeds.txt
mit.alibaba.nuidemo.LocalSpeechRecognizerActivity
mit.alibaba.nuidemo.SpeechRecognizerActivity
mit.alibaba.nuidemo.TtsLocalActivity
mit.alibaba.nuidemo.WakeupAndSpeechRecognizerActivity
mit.alibaba.nuidemo.SpeechRecognizerNewActivity
mit.alibaba.nuidemo.MainApplication
mit.alibaba.nuidemo.SpeechTranscriberActivity
mit.alibaba.nuidemo.TtsBasicActivity
mit.alibaba.nuidemo.FileTranscriberActivity
mit.alibaba.nuidemo.SpeechTranscriberNewActivity
mit.alibaba.nuidemo.ChatActivity
mit.alibaba.nuidemo.MainActivity
mit.alibaba.nuidemo.MainApplication: MainApplication()
mit.alibaba.nuidemo.TtsLocalActivity: void onClick(android.view.View)
mit.alibaba.nuidemo.ChatActivity: ChatActivity()
mit.alibaba.nuidemo.AudioPlayer$PlayState: mit.alibaba.nuidemo.AudioPlayer$PlayState[] values()
mit.alibaba.nuidemo.TtsBasicActivity: TtsBasicActivity()
mit.alibaba.nuidemo.TtsLocalActivity: TtsLocalActivity()
mit.alibaba.nuidemo.SpeechTranscriberNewActivity: SpeechTranscriberNewActivity()
mit.alibaba.nuidemo.LocalSpeechRecognizerActivity: LocalSpeechRecognizerActivity()
mit.alibaba.nuidemo.AudioPlayer$PlayState: mit.alibaba.nuidemo.AudioPlayer$PlayState valueOf(java.lang.String)
mit.alibaba.nuidemo.WakeupAndSpeechRecognizerActivity: WakeupAndSpeechRecognizerActivity()
mit.alibaba.nuidemo.SpeechRecognizerActivity: SpeechRecognizerActivity()
mit.alibaba.nuidemo.TtsBasicActivity: void onClick(android.view.View)
mit.alibaba.nuidemo.MainActivity: MainActivity()
mit.alibaba.nuidemo.FileTranscriberActivity: FileTranscriberActivity()
mit.alibaba.nuidemo.SpeechRecognizerNewActivity: SpeechRecognizerNewActivity()
mit.alibaba.nuidemo.SpeechTranscriberActivity: SpeechTranscriberActivity()
...
androidx.appcompat.widget.AppCompatImageView: void setImageBitmap(android.graphics.Bitmap)
androidx.appcompat.widget.SearchView: int getMaxWidth()
com.alibaba.idst.nui.NuiSpeechRecognizer: int native_speech_recognizer_release(long)
androidx.appcompat.widget.ActionBarOverlayLayout: void setLogo(int)
androidx.appcompat.widget.ViewStubCompat: int getInflatedId()
androidx.appcompat.widget.ActionBarOverlayLayout: void setActionBarHideOffset(int)
androidx.appcompat.widget.ActionBarContextView: ActionBarContextView(android.content.Context,android.util.AttributeSet)
androidx.appcompat.widget.AppCompatButton: void setSupportBackgroundTintMode(android.graphics.PorterDuff$Mode)
androidx.vectordrawable.graphics.drawable.VectorDrawableCompat$VFullPath: void setTrimPathOffset(float)
androidx.appcompat.widget.SearchView: void setQuery(java.lang.CharSequence)
androidx.core.graphics.drawable.IconCompatParcelizer: IconCompatParcelizer()
androidx.appcompat.widget.Toolbar: void setNavigationIcon(android.graphics.drawable.Drawable)
androidx.appcompat.widget.AppCompatTextView: void setLastBaselineToBottomHeight(int)
androidx.vectordrawable.graphics.drawable.VectorDrawableCompat$VGroup: void setTranslateY(float)
androidx.vectordrawable.graphics.drawable.VectorDrawableCompat$VPathRenderer: int getRootAlpha()
androidx.core.widget.NestedScrollView: float getTopFadingEdgeStrength()
androidx.appcompat.widget.AppCompatEditText: void setBackgroundResource(int)
androidx.appcompat.view.menu.ActionMenuItemView: void setCheckable(boolean)
androidx.core.widget.NestedScrollView: int getScrollRange()
androidx.appcompat.widget.AppCompatTextView: int getAutoSizeTextType()
androidx.appcompat.widget.ContentFrameLayout: android.util.TypedValue getFixedWidthMajor()
androidx.appcompat.widget.Toolbar: androidx.appcompat.widget.ActionMenuPresenter getOuterActionMenuPresenter()
androidx.appcompat.widget.AppCompatRadioButton: int getCompoundPaddingLeft()
androidx.appcompat.widget.AppCompatEditText: java.lang.CharSequence getText()
androidx.appcompat.widget.AppCompatAutoCompleteTextView: void setSupportBackgroundTintList(android.content.res.ColorStateList)
androidx.appcompat.widget.AppCompatTextView: void setCustomSelectionActionModeCallback(android.view.ActionMode$Callback)
androidx.appcompat.widget.SearchView: void setOnSearchClickListener(android.view.View$OnClickListener)
androidx.appcompat.view.menu.ActionMenuItemView: void setItemInvoker(androidx.appcompat.view.menu.MenuBuilder$ItemInvoker)
androidx.appcompat.widget.ViewStubCompat: void setVisibility(int)
androidx.appcompat.widget.AppCompatCheckedTextView: void setCheckMarkDrawable(int)
androidx.appcompat.widget.ActionBarContextView: void setCustomView(android.view.View)
androidx.appcompat.widget.Toolbar: void setLogoDescription(int)
androidx.vectordrawable.graphics.drawable.VectorDrawableCompat$VFullPath: float getStrokeWidth()
androidx.appcompat.widget.ActionBarOverlayLayout: void setOverlayMode(boolean)
androidx.appcompat.widget.AppCompatCheckBox: android.content.res.ColorStateList getSupportButtonTintList()
androidx.vectordrawable.graphics.drawable.VectorDrawableCompat$VGroup: float getPivotX()
androidx.appcompat.widget.ActionBarContextView: java.lang.CharSequence getSubtitle()
androidx.appcompat.widget.ActionBarContainer: void setTransitioning(boolean)
androidx.appcompat.widget.AppCompatButton: int getAutoSizeTextType()
androidx.appcompat.widget.Toolbar: int getContentInsetLeft()
androidx.appcompat.widget.Toolbar: void setSubtitle(java.lang.CharSequence)
androidx.appcompat.widget.LinearLayoutCompat: void setBaselineAlignedChildIndex(int)
androidx.appcompat.widget.LinearLayoutCompat: int getOrientation()
androidx.appcompat.widget.AppCompatSpinner: android.graphics.drawable.Drawable getPopupBackground()
androidx.appcompat.widget.AppCompatTextView: int getAutoSizeMinTextSize()
okhttp3.TlsVersion: okhttp3.TlsVersion[] values()