app/build/outputs/mapping/release/mapping.txt
# compiler: R8
# compiler_version: 3.0.62
# min_api: 14
# pg_map_id: ab94c57
# common_typos_disable
mit.alibaba.nuidemo.APIResponse -> c1.a:
    java.util.List choices -> a
    java.util.List getChoices() -> a
mit.alibaba.nuidemo.AudioPlayer -> mit.alibaba.nuidemo.a:
    android.media.AudioTrack audioTrack -> i
    java.lang.String TAG -> j
    int iMinBufSize -> h
    java.util.concurrent.LinkedBlockingQueue audioQueue -> d
    mit.alibaba.nuidemo.AudioPlayer$PlayState playState -> e
    boolean isFinishSend -> b
    mit.alibaba.nuidemo.AudioPlayerCallback audioPlayerCallback -> c
    byte[] tempData -> f
    java.lang.Thread ttsPlayerThread -> g
    int SAMPLE_RATE -> a
    mit.alibaba.nuidemo.AudioPlayer$PlayState access$000(mit.alibaba.nuidemo.AudioPlayer) -> a
    java.util.concurrent.LinkedBlockingQueue access$100(mit.alibaba.nuidemo.AudioPlayer) -> b
    boolean access$200(mit.alibaba.nuidemo.AudioPlayer) -> c
    boolean access$202(mit.alibaba.nuidemo.AudioPlayer,boolean) -> d
    mit.alibaba.nuidemo.AudioPlayerCallback access$300(mit.alibaba.nuidemo.AudioPlayer) -> e
    byte[] access$400(mit.alibaba.nuidemo.AudioPlayer) -> f
    byte[] access$402(mit.alibaba.nuidemo.AudioPlayer,byte[]) -> g
    android.media.AudioTrack access$500(mit.alibaba.nuidemo.AudioPlayer) -> h
    void initAudioTrack(int) -> i
    void pause() -> j
    void play() -> k
    void releaseAudioTrack() -> l
    void setSampleRate(int) -> m
    void stop() -> n
mit.alibaba.nuidemo.AudioPlayer$1 -> mit.alibaba.nuidemo.a$a:
    mit.alibaba.nuidemo.AudioPlayer this$0 -> b
mit.alibaba.nuidemo.AudioPlayer$PlayState -> mit.alibaba.nuidemo.a$b:
    mit.alibaba.nuidemo.AudioPlayer$PlayState[] $VALUES -> e
    mit.alibaba.nuidemo.AudioPlayer$PlayState pause -> d
    mit.alibaba.nuidemo.AudioPlayer$PlayState playing -> c
    mit.alibaba.nuidemo.AudioPlayer$PlayState idle -> b
    mit.alibaba.nuidemo.AudioPlayer$PlayState[] $values() -> a
mit.alibaba.nuidemo.AudioPlayerCallback -> c1.b:
    void playOver() -> a
    void playStart() -> b
mit.alibaba.nuidemo.Auth -> c1.c:
    com.alibaba.fastjson.JSONObject getTicket() -> a
    com.alibaba.fastjson.JSONObject getTicketFromJsonFile(java.lang.String) -> b
mit.alibaba.nuidemo.ChatActivity -> mit.alibaba.nuidemo.ChatActivity:
    android.widget.ListView userMessagesList -> Z
    java.util.List chatHistory -> p
    java.lang.String asset_path -> I
    java.lang.String[] permissions -> Y
    boolean b_savewav -> J
    android.widget.EditText ttsEditView -> H
    java.lang.String ttsText -> M
    android.widget.TextView kwsView -> U
    mit.alibaba.nuidemo.Util.DBHelper dbHelper -> q
    boolean initialized -> L
    android.widget.Button startButton -> P
    android.widget.ListView botMessagesList -> a0
    android.widget.EditText chatInputEditText -> b0
    java.lang.String trueMemory -> t
    com.alibaba.idst.nui.NativeNui nui_instance1 -> O
    android.os.HandlerThread mHanderThread -> V
    android.os.Handler mHandler -> X
    java.lang.String AKKey -> v
    java.util.ArrayList userMessages -> d0
    java.lang.String AliToken -> x
    android.widget.Button ttsResumeBtn -> F
    android.widget.Button sendButton -> c0
    java.util.ArrayList botMessages -> e0
    android.widget.Button ttsCancelBtn -> D
    android.widget.Button ttsStartBtn -> B
    mit.alibaba.nuidemo.AudioPlayer mAudioTrack -> K
    java.lang.String model -> j0
    java.lang.String apiKey -> i0
    java.lang.String apiEndpoint -> h0
    mit.alibaba.nuidemo.MessageAdapter botMessageAdapter -> g0
    android.widget.Button buttonStore -> z
    java.util.concurrent.atomic.AtomicBoolean vadMode -> R
    android.widget.TextView asrView -> T
mit.alibaba.nuidemo.ChatActivity$1 -> mit.alibaba.nuidemo.ChatActivity$i:
    void playOver() -> a
    void playStart() -> b
mit.alibaba.nuidemo.ChatActivity$10 -> mit.alibaba.nuidemo.ChatActivity$a:
    mit.alibaba.nuidemo.ChatActivity this$0 -> b
mit.alibaba.nuidemo.ChatActivity$12 -> mit.alibaba.nuidemo.ChatActivity$b:
...
com.google.gson.internal.bind.TypeAdapters$2 -> l0.n$u:
    java.lang.Object read(com.google.gson.stream.JsonReader) -> b
    void write(com.google.gson.stream.JsonWriter,java.lang.Object) -> d
    java.util.BitSet read(com.google.gson.stream.JsonReader) -> e
    void write(com.google.gson.stream.JsonWriter,java.util.BitSet) -> f
com.google.gson.internal.bind.TypeAdapters$20 -> l0.n$l:
    java.lang.Object read(com.google.gson.stream.JsonReader) -> b
    void write(com.google.gson.stream.JsonWriter,java.lang.Object) -> d
    java.net.URL read(com.google.gson.stream.JsonReader) -> e
    void write(com.google.gson.stream.JsonWriter,java.net.URL) -> f
com.google.gson.internal.bind.TypeAdapters$21 -> l0.n$m:
    java.lang.Object read(com.google.gson.stream.JsonReader) -> b
    void write(com.google.gson.stream.JsonWriter,java.lang.Object) -> d
    java.net.URI read(com.google.gson.stream.JsonReader) -> e
    void write(com.google.gson.stream.JsonWriter,java.net.URI) -> f
com.google.gson.internal.bind.TypeAdapters$22 -> l0.n$n:
    java.lang.Object read(com.google.gson.stream.JsonReader) -> b
    void write(com.google.gson.stream.JsonWriter,java.lang.Object) -> d
    java.net.InetAddress read(com.google.gson.stream.JsonReader) -> e
    void write(com.google.gson.stream.JsonWriter,java.net.InetAddress) -> f
com.google.gson.internal.bind.TypeAdapters$23 -> l0.n$o:
    java.lang.Object read(com.google.gson.stream.JsonReader) -> b
    void write(com.google.gson.stream.JsonWriter,java.lang.Object) -> d
    java.util.UUID read(com.google.gson.stream.JsonReader) -> e
    void write(com.google.gson.stream.JsonWriter,java.util.UUID) -> f
com.google.gson.internal.bind.TypeAdapters$24 -> l0.n$p:
    java.lang.Object read(com.google.gson.stream.JsonReader) -> b
    void write(com.google.gson.stream.JsonWriter,java.lang.Object) -> d
    java.util.Currency read(com.google.gson.stream.JsonReader) -> e
    void write(com.google.gson.stream.JsonWriter,java.util.Currency) -> f
com.google.gson.internal.bind.TypeAdapters$25 -> l0.n$q:
    java.lang.Object read(com.google.gson.stream.JsonReader) -> b
    void write(com.google.gson.stream.JsonWriter,java.lang.Object) -> d
    java.util.Calendar read(com.google.gson.stream.JsonReader) -> e
    void write(com.google.gson.stream.JsonWriter,java.util.Calendar) -> f
com.google.gson.internal.bind.TypeAdapters$26 -> l0.n$r:
    java.lang.Object read(com.google.gson.stream.JsonReader) -> b
    void write(com.google.gson.stream.JsonWriter,java.lang.Object) -> d
    java.util.Locale read(com.google.gson.stream.JsonReader) -> e
    void write(com.google.gson.stream.JsonWriter,java.util.Locale) -> f
com.google.gson.internal.bind.TypeAdapters$27 -> l0.n$s:
    java.lang.Object read(com.google.gson.stream.JsonReader) -> b
    void write(com.google.gson.stream.JsonWriter,java.lang.Object) -> d
    com.google.gson.JsonElement read(com.google.gson.stream.JsonReader) -> e
    void write(com.google.gson.stream.JsonWriter,com.google.gson.JsonElement) -> f
com.google.gson.internal.bind.TypeAdapters$28 -> l0.n$t:
    com.google.gson.TypeAdapter create(com.google.gson.Gson,com.google.gson.reflect.TypeToken) -> a
com.google.gson.internal.bind.TypeAdapters$3 -> l0.n$a0:
    java.lang.Object read(com.google.gson.stream.JsonReader) -> b
    void write(com.google.gson.stream.JsonWriter,java.lang.Object) -> d
    java.lang.Boolean read(com.google.gson.stream.JsonReader) -> e
    void write(com.google.gson.stream.JsonWriter,java.lang.Boolean) -> f
com.google.gson.internal.bind.TypeAdapters$30 -> l0.n$v:
    com.google.gson.TypeAdapter val$typeAdapter -> c
    java.lang.Class val$type -> b
    com.google.gson.TypeAdapter create(com.google.gson.Gson,com.google.gson.reflect.TypeToken) -> a