app/build/outputs/mapping/release/usage.txt
mit.alibaba.nuidemo.APIResponse:
    private long created
    private java.lang.String id
    private java.lang.String model
    private java.lang.String object
    private mit.alibaba.nuidemo.Usage usage
    public long getCreated()
    public java.lang.String getId()
    public java.lang.String getModel()
    public java.lang.String getObject()
    public mit.alibaba.nuidemo.Usage getUsage()
    public void setChoices(java.util.List)
    public void setCreated(long)
    public void setId(java.lang.String)
    public void setModel(java.lang.String)
    public void setObject(java.lang.String)
    public void setUsage(mit.alibaba.nuidemo.Usage)
mit.alibaba.nuidemo.AudioPlayer:
    public void isFinishSend(boolean)
    public void resume()
    public void setAudioData(byte[])
mit.alibaba.nuidemo.Auth$1
mit.alibaba.nuidemo.Auth:
    public void <init>()
    public static com.alibaba.fastjson.JSONObject getAliYunTicket()
mit.alibaba.nuidemo.BuildConfig
mit.alibaba.nuidemo.ChatActivity$11
mit.alibaba.nuidemo.ChatActivity$12:
    public void onTtsDataCallback(java.lang.String,int,byte[])
    public void onTtsEventCallback(com.alibaba.idst.nui.INativeTtsCallback$TtsEvent,java.lang.String,int)
    public void onTtsVolCallback(int)
mit.alibaba.nuidemo.ChatActivity$13
mit.alibaba.nuidemo.ChatActivity$23
mit.alibaba.nuidemo.ChatActivity$24
mit.alibaba.nuidemo.ChatActivity:
    static final java.lang.String CN_PREVIEW
    public static final int SAMPLE_RATE
    private static final java.lang.String TAG
    private static final java.lang.String TAG1
    static final int WAVE_FRAM_SIZE
    android.widget.Toast mToast
    private android.media.MediaPlayer mp
    private void ToastText(java.lang.String)
    static synthetic void access$1000(mit.alibaba.nuidemo.ChatActivity,java.lang.String)
    static synthetic boolean access$800(mit.alibaba.nuidemo.ChatActivity)
    static synthetic java.io.OutputStream access$900(mit.alibaba.nuidemo.ChatActivity)
    private void appendText(android.widget.TextView,java.lang.String)
    public void onNuiAudioRMSChanged(float)
    public void onNuiAudioStateChanged(com.alibaba.idst.nui.Constants$AudioState)
    public void onNuiEventCallback(com.alibaba.idst.nui.Constants$NuiEvent,int,int,com.alibaba.idst.nui.KwsResult,com.alibaba.idst.nui.AsrResult)
    public int onNuiNeedAudioData(byte[],int)
    public void onNuiVprEventCallback(com.alibaba.idst.nui.Constants$NuiVprEvent)
    private void showTip(java.lang.String)
mit.alibaba.nuidemo.Choice:
    private java.lang.String finish_reason
    private int index
    public java.lang.String getFinish_reason()
    public int getIndex()
    public void setFinish_reason(java.lang.String)
    public void setIndex(int)
    public void setMessage(mit.alibaba.nuidemo.Message)
mit.alibaba.nuidemo.FileTranscriberActivity$8
mit.alibaba.nuidemo.FileTranscriberActivity:
    private static final java.lang.String TAG
    private void appendText(android.widget.TextView,java.lang.String)
    public void onFileTransEventCallback(com.alibaba.idst.nui.Constants$NuiEvent,int,int,com.alibaba.idst.nui.AsrResult,java.lang.String)
mit.alibaba.nuidemo.LocalSpeechRecognizerActivity$10
mit.alibaba.nuidemo.LocalSpeechRecognizerActivity$9
mit.alibaba.nuidemo.LocalSpeechRecognizerActivity:
    public static final int SAMPLE_RATE
    private static final java.lang.String TAG
    static final int WAVE_FRAM_SIZE
    private android.media.MediaPlayer mp
    private void appendText(android.widget.TextView,java.lang.String)
    public void onNuiAudioRMSChanged(float)
    public void onNuiAudioStateChanged(com.alibaba.idst.nui.Constants$AudioState)
    public void onNuiEventCallback(com.alibaba.idst.nui.Constants$NuiEvent,int,int,com.alibaba.idst.nui.KwsResult,com.alibaba.idst.nui.AsrResult)
    public int onNuiNeedAudioData(byte[],int)
    public void onNuiVprEventCallback(com.alibaba.idst.nui.Constants$NuiVprEvent)
mit.alibaba.nuidemo.MainActivity:
    private static final java.lang.String TAG
...
okhttp3.Headers$Companion:
    public final okhttp3.Headers -deprecated_of(java.util.Map)
    public final varargs okhttp3.Headers -deprecated_of(java.lang.String[])
    public final okhttp3.Headers of(java.util.Map)
okhttp3.Headers:
    public final int -deprecated_size()
    public final long byteCount()
    public final java.util.Date getDate(java.lang.String)
    public final java.time.Instant getInstant(java.lang.String)
    public final java.util.Set names()
    public static final okhttp3.Headers of(java.util.Map)
    public static final varargs okhttp3.Headers of(java.lang.String[])
    public final java.util.Map toMultimap()
okhttp3.HttpUrl$Builder:
    public static final java.lang.String INVALID_HOST
    public final okhttp3.HttpUrl$Builder addEncodedPathSegment(java.lang.String)
    public final okhttp3.HttpUrl$Builder addEncodedPathSegments(java.lang.String)
    public final okhttp3.HttpUrl$Builder addEncodedQueryParameter(java.lang.String,java.lang.String)
    public final okhttp3.HttpUrl$Builder addPathSegment(java.lang.String)
    public final okhttp3.HttpUrl$Builder addPathSegments(java.lang.String)
    private final okhttp3.HttpUrl$Builder addPathSegments(java.lang.String,boolean)
    public final okhttp3.HttpUrl$Builder addQueryParameter(java.lang.String,java.lang.String)
    public final okhttp3.HttpUrl$Builder encodedFragment(java.lang.String)
    public final okhttp3.HttpUrl$Builder encodedPassword(java.lang.String)
    public final okhttp3.HttpUrl$Builder encodedPath(java.lang.String)
    public final okhttp3.HttpUrl$Builder encodedUsername(java.lang.String)
    public final okhttp3.HttpUrl$Builder fragment(java.lang.String)
    public final java.lang.String getEncodedFragment$okhttp()
    public final java.lang.String getEncodedPassword$okhttp()
    public final java.util.List getEncodedQueryNamesAndValues$okhttp()
    public final java.lang.String getEncodedUsername$okhttp()
    public final java.lang.String getHost$okhttp()
    public final int getPort$okhttp()
    public final java.lang.String getScheme$okhttp()
    public final okhttp3.HttpUrl$Builder query(java.lang.String)
okhttp3.HttpUrl$Companion:
    public final okhttp3.HttpUrl -deprecated_get(java.lang.String)
    public final okhttp3.HttpUrl -deprecated_get(java.net.URI)
    public final okhttp3.HttpUrl -deprecated_get(java.net.URL)
    public final okhttp3.HttpUrl -deprecated_parse(java.lang.String)
    public final okhttp3.HttpUrl get(java.net.URI)
    public final okhttp3.HttpUrl get(java.net.URL)
    public final okhttp3.HttpUrl parse(java.lang.String)